
1월 02, 2022 18:41:48.04 NEW SESSION
1월 02, 2022 18:41:48.04 [4688:10980:0102/184148.041:ERROR:device_event_log_impl.cc(214)] [18:41:48.041] USB: usb_device_handle_win.cc:1048 Failed to read descriptor from node connection: 시스템에 부착된 장치가 작동하지 않습니다. (0x1F)
1월 02, 2022 18:41:48.04 [4688:10980:0102/184148.043:ERROR:device_event_log_impl.cc(214)] [18:41:48.043] USB: usb_device_handle_win.cc:1048 Failed to read descriptor from node connection: 시스템에 부착된 장치가 작동하지 않습니다. (0x1F)
1월 02, 2022 18:41:48.05 [4688:7896:0102/184148.047:ERROR:chrome_browser_main_extra_parts_metrics.cc(226)] crbug.com/1216328: Checking Bluetooth availability started. Please report if there is no report that this ends.
1월 02, 2022 18:41:48.05 [4688:7896:0102/184148.047:ERROR:chrome_browser_main_extra_parts_metrics.cc(229)] crbug.com/1216328: Checking Bluetooth availability ended.
1월 02, 2022 18:41:48.05 [4688:7896:0102/184148.047:ERROR:chrome_browser_main_extra_parts_metrics.cc(232)] crbug.com/1216328: Checking default browser status started. Please report if there is no report that this ends.
1월 02, 2022 18:41:48.10 [4688:7896:0102/184148.100:ERROR:chrome_browser_main_extra_parts_metrics.cc(236)] crbug.com/1216328: Checking default browser status ended.
1월 02, 2022 18:44:24.55 [16344:21452:0102/184424.551:ERROR:device_event_log_impl.cc(214)] [18:44:24.551] USB: usb_device_handle_win.cc:1048 Failed to read descriptor from node connection: 시스템에 부착된 장치가 작동하지 않습니다. (0x1F)
1월 02, 2022 18:44:24.55 [16344:21452:0102/184424.551:ERROR:device_event_log_impl.cc(214)] [18:44:24.551] USB: usb_device_handle_win.cc:1048 Failed to read descriptor from node connection: 시스템에 부착된 장치가 작동하지 않습니다. (0x1F)
1월 02, 2022 18:44:24.60 [16344:13988:0102/184424.600:ERROR:chrome_browser_main_extra_parts_metrics.cc(226)] crbug.com/1216328: Checking Bluetooth availability started. Please report if there is no report that this ends.
1월 02, 2022 18:44:24.60 [16344:13988:0102/184424.601:ERROR:chrome_browser_main_extra_parts_metrics.cc(229)] crbug.com/1216328: Checking Bluetooth availability ended.
1월 02, 2022 18:44:24.60 [16344:13988:0102/184424.603:ERROR:chrome_browser_main_extra_parts_metrics.cc(232)] crbug.com/1216328: Checking default browser status started. Please report if there is no report that this ends.
1월 02, 2022 18:44:24.61 [16344:13988:0102/184424.616:ERROR:chrome_browser_main_extra_parts_metrics.cc(236)] crbug.com/1216328: Checking default browser status ended.
1월 02, 2022 18:45:11.77 [22168:18664:0102/184511.742:ERROR:chrome_browser_main_extra_parts_metrics.cc(226)] crbug.com/1216328: Checking Bluetooth availability started. Please report if there is no report that this ends.
1월 02, 2022 18:45:11.78 [22168:9260:0102/184511.756:ERROR:device_event_log_impl.cc(214)] [18:45:11.757] USB: usb_device_handle_win.cc:1048 Failed to read descriptor from node connection: 시스템에 부착된 장치가 작동하지 않습니다. (0x1F)
1월 02, 2022 18:45:11.78 [22168:9260:0102/184511.781:ERROR:device_event_log_impl.cc(214)] [18:45:11.782] USB: usb_device_handle_win.cc:1048 Failed to read descriptor from node connection: 시스템에 부착된 장치가 작동하지 않습니다. (0x1F)
1월 02, 2022 18:45:11.78 [22168:18664:0102/184511.784:ERROR:chrome_browser_main_extra_parts_metrics.cc(229)] crbug.com/1216328: Checking Bluetooth availability ended.
1월 02, 2022 18:45:11.80 [22168:18664:0102/184511.804:ERROR:chrome_browser_main_extra_parts_metrics.cc(232)] crbug.com/1216328: Checking default browser status started. Please report if there is no report that this ends.
1월 02, 2022 18:45:11.81 [22168:18664:0102/184511.811:ERROR:chrome_browser_main_extra_parts_metrics.cc(236)] crbug.com/1216328: Checking default browser status ended.
1월 02, 2022 18:47:51.44 [5160:7760:0102/184751.446:ERROR:device_event_log_impl.cc(214)] [18:47:51.446] USB: usb_device_handle_win.cc:1048 Failed to read descriptor from node connection: 시스템에 부착된 장치가 작동하지 않습니다. (0x1F)
1월 02, 2022 18:47:51.44 [5160:7760:0102/184751.447:ERROR:device_event_log_impl.cc(214)] [18:47:51.447] USB: usb_device_handle_win.cc:1048 Failed to read descriptor from node connection: 시스템에 부착된 장치가 작동하지 않습니다. (0x1F)
1월 02, 2022 18:47:51.46 [5160:4888:0102/184751.459:ERROR:chrome_browser_main_extra_parts_metrics.cc(226)] crbug.com/1216328: Checking Bluetooth availability started. Please report if there is no report that this ends.
1월 02, 2022 18:47:51.46 [5160:4888:0102/184751.460:ERROR:chrome_browser_main_extra_parts_metrics.cc(229)] crbug.com/1216328: Checking Bluetooth availability ended.
1월 02, 2022 18:47:51.47 [5160:4888:0102/184751.473:ERROR:chrome_browser_main_extra_parts_metrics.cc(232)] crbug.com/1216328: Checking default browser status started. Please report if there is no report that this ends.
1월 02, 2022 18:47:51.49 [5160:4888:0102/184751.494:ERROR:chrome_browser_main_extra_parts_metrics.cc(236)] crbug.com/1216328: Checking default browser status ended.
